# JRE version: Java(TM) SE Runtime Environment (17.0.8+9) (build 17.0.8+9-LTS-211)
# Java VM: Java HotSpot(TM) 64-Bit Server VM (17.0.8+9-LTS-211, mixed mode, sharing, tiered, compressed oops, compressed class ptrs, g1 gc, windows-amd64)
GC Precious Log:
 CPUs: 4 total, 4 available
 Memory: 7834M
 Large Page Support: Disabled
 NUMA Support: Disabled
 Compressed Oops: Enabled (32-bit)
 Heap Region Size: 1M
 Heap Min Capacity: 8M
 Heap Initial Capacity: 124M
 Heap Max Capacity: 2G
 Pre-touch: Disabled
 Parallel Workers: 4
 Concurrent Workers: 1
 Concurrent Refinement Workers: 4
 Periodic GC: Disabled
Heap:
 garbage-first heap   total 153600K, used 77513K [0x0000000080000000, 0x0000000100000000)
  region size 1024K, 4 young (4096K), 4 survivors (4096K)
 Metaspace       used 73577K, committed 74304K, reserved 491520K
  class space    used 10087K, committed 10432K, reserved 425984K
GC Heap History (20 events):
Event: 17.310 GC heap after
{Heap after GC invocations=20 (full 0):
 garbage-first heap   total 103424K, used 55039K [0x0000000080000000, 0x0000000100000000)
  region size 1024K, 5 young (5120K), 5 survivors (5120K)
 Metaspace       used 56777K, committed 57472K, reserved 491520K
  class space    used 7922K, committed 8256K, reserved 425984K
}
Event: 18.237 GC heap before
{Heap before GC invocations=20 (full 0):
 garbage-first heap   total 103424K, used 82687K [0x0000000080000000, 0x0000000100000000)
  region size 1024K, 32 young (32768K), 5 survivors (5120K)
 Metaspace       used 58455K, committed 59136K, reserved 491520K
  class space    used 8170K, committed 8512K, reserved 425984K
}
Event: 18.251 GC heap after
{Heap after GC invocations=21 (full 0):
 garbage-first heap   total 124928K, used 57682K [0x0000000080000000, 0x0000000100000000)
  region size 1024K, 3 young (3072K), 3 survivors (3072K)
 Metaspace       used 58455K, committed 59136K, reserved 491520K
  class space    used 8170K, committed 8512K, reserved 425984K
}
Event: 20.315 GC heap before
{Heap before GC invocations=22 (full 0):
 garbage-first heap   total 124928K, used 97618K [0x0000000080000000, 0x0000000100000000)
  region size 1024K, 43 young (44032K), 3 survivors (3072K)
 Metaspace       used 61894K, committed 62592K, reserved 491520K
  class space    used 8645K, committed 8960K, reserved 425984K
}
Event: 20.333 GC heap after
{Heap after GC invocations=23 (full 0):
 garbage-first heap   total 124928K, used 62107K [0x0000000080000000, 0x0000000100000000)
  region size 1024K, 6 young (6144K), 6 survivors (6144K)
 Metaspace       used 61894K, committed 62592K, reserved 491520K
  class space    used 8645K, committed 8960K, reserved 425984K
}
Event: 20.386 GC heap before
{Heap before GC invocations=23 (full 0):
 garbage-first heap   total 124928K, used 63131K [0x0000000080000000, 0x0000000100000000)
  region size 1024K, 7 young (7168K), 6 survivors (6144K)
 Metaspace       used 62008K, committed 62656K, reserved 491520K
  class space    used 8655K, committed 8960K, reserved 425984K
}
Event: 20.400 GC heap after
{Heap after GC invocations=24 (full 0):
 garbage-first heap   total 124928K, used 62925K [0x0000000080000000, 0x0000000100000000)
  region size 1024K, 1 young (1024K), 1 survivors (1024K)
 Metaspace       used 62008K, committed 62656K, reserved 491520K
  class space    used 8655K, committed 8960K, reserved 425984K
}
Event: 21.918 GC heap before
{Heap before GC invocations=24 (full 0):
 garbage-first heap   total 124928K, used 86477K [0x0000000080000000, 0x0000000100000000)
  region size 1024K, 26 young (26624K), 1 survivors (1024K)
 Metaspace       used 62876K, committed 63616K, reserved 491520K
  class space    used 8769K, committed 9088K, reserved 425984K
}
Event: 21.923 GC heap after
{Heap after GC invocations=25 (full 0):
 garbage-first heap   total 124928K, used 65621K [0x0000000080000000, 0x0000000100000000)
  region size 1024K, 4 young (4096K), 4 survivors (4096K)
 Metaspace       used 62876K, committed 63616K, reserved 491520K
  class space    used 8769K, committed 9088K, reserved 425984K
}
Event: 23.723 GC heap before
{Heap before GC invocations=26 (full 0):
 garbage-first heap   total 124928K, used 100437K [0x0000000080000000, 0x0000000100000000)
  region size 1024K, 37 young (37888K), 4 survivors (4096K)
 Metaspace       used 67005K, committed 67776K, reserved 491520K
  class space    used 9242K, committed 9600K, reserved 425984K
}
Event: 23.731 GC heap after
{Heap after GC invocations=27 (full 0):
 garbage-first heap   total 124928K, used 70088K [0x0000000080000000, 0x0000000100000000)
  region size 1024K, 4 young (4096K), 4 survivors (4096K)
 Metaspace       used 67005K, committed 67776K, reserved 491520K
  class space    used 9242K, committed 9600K, reserved 425984K
}
Event: 23.849 GC heap before
{Heap before GC invocations=27 (full 0):
 garbage-first heap   total 124928K, used 72136K [0x0000000080000000, 0x0000000100000000)
  region size 1024K, 6 young (6144K), 4 survivors (4096K)
 Metaspace       used 67284K, committed 68032K, reserved 491520K
  class space    used 9277K, committed 9664K, reserved 425984K
}
Event: 23.856 GC heap after
{Heap after GC invocations=28 (full 0):
 garbage-first heap   total 124928K, used 69225K [0x0000000080000000, 0x0000000100000000)
  region size 1024K, 1 young (1024K), 1 survivors (1024K)
 Metaspace       used 67284K, committed 68032K, reserved 491520K
  class space    used 9277K, committed 9664K, reserved 425984K
}
Event: 24.311 GC heap before
{Heap before GC invocations=28 (full 0):
 garbage-first heap   total 124928K, used 74345K [0x0000000080000000, 0x0000000100000000)
  region size 1024K, 7 young (7168K), 1 survivors (1024K)
 Metaspace       used 68643K, committed 69440K, reserved 491520K
  class space    used 9425K, committed 9792K, reserved 425984K
}
Event: 24.314 GC heap after
{Heap after GC invocations=29 (full 0):
 garbage-first heap   total 124928K, used 71933K [0x0000000080000000, 0x0000000100000000)
  region size 1024K, 3 young (3072K), 3 survivors (3072K)
 Metaspace       used 68643K, committed 69440K, reserved 491520K
  class space    used 9425K, committed 9792K, reserved 425984K
}
Event: 25.139 GC heap before
{Heap before GC invocations=30 (full 0):
 garbage-first heap   total 153600K, used 105725K [0x0000000080000000, 0x0000000100000000)
  region size 1024K, 29 young (29696K), 3 survivors (3072K)
 Metaspace       used 70073K, committed 70848K, reserved 491520K
  class space    used 9620K, committed 9984K, reserved 425984K
}
Event: 25.146 GC heap after
{Heap after GC invocations=31 (full 0):
 garbage-first heap   total 153600K, used 74870K [0x0000000080000000, 0x0000000100000000)
  region size 1024K, 4 young (4096K), 4 survivors (4096K)
 Metaspace       used 70073K, committed 70848K, reserved 491520K
  class space    used 9620K, committed 9984K, reserved 425984K
}
Event: 25.208 GC heap before
{Heap before GC invocations=31 (full 0):
 garbage-first heap   total 153600K, used 77942K [0x0000000080000000, 0x0000000100000000)
  region size 1024K, 7 young (7168K), 4 survivors (4096K)
 Metaspace       used 70314K, committed 71104K, reserved 491520K
  class space    used 9654K, committed 10048K, reserved 425984K
}
Event: 25.215 GC heap after
{Heap after GC invocations=32 (full 0):
 garbage-first heap   total 153600K, used 74834K [0x0000000080000000, 0x0000000100000000)
  region size 1024K, 1 young (1024K), 1 survivors (1024K)
 Metaspace       used 70314K, committed 71104K, reserved 491520K
  class space    used 9654K, committed 10048K, reserved 425984K
}
Event: 26.576 GC heap before
{Heap before GC invocations=32 (full 0):
 garbage-first heap   total 153600K, used 117842K [0x0000000080000000, 0x0000000100000000)
  region size 1024K, 42 young (43008K), 1 survivors (1024K)
 Metaspace       used 73577K, committed 74304K, reserved 491520K
  class space    used 10087K, committed 10432K, reserved 425984K
}

